Change Physical Footprint: Designator=C1 Old Footprint=8mm smd cap New Footprint=8mm smd cap
Change Physical Footprint: Designator=C2 Old Footprint=0805 New Footprint=0805
Change Physical Footprint: Designator=C3 Old Footprint=0805 New Footprint=0805
Change Physical Footprint: Designator=D1 Old Footprint=DO-214AB-SMC Bipolar New Footprint=DO-214AB-SMC Bipolar
Change Physical Footprint: Designator=D2 Old Footprint=DO-214AC, SMA New Footprint=DO-214AC, SMA
Change Physical Footprint: Designator=H1 Old Footprint=M3 HOLE New Footprint=M3 HOLE
Change Physical Footprint: Designator=H2 Old Footprint=M3 HOLE New Footprint=M3 HOLE
Change Physical Footprint: Designator=H3 Old Footprint=M3 HOLE New Footprint=M3 HOLE
Change Physical Footprint: Designator=H4 Old Footprint=M3 HOLE New Footprint=M3 HOLE
Change Physical Footprint: Designator=J1 Old Footprint=JST_XH_B10B-XH-A_1x10_P2.50mm_Vertical New Footprint=JST_XH_B10B-XH-A_1x10_P2.50mm_Vertical
Change Physical Footprint: Designator=J2 Old Footprint=TE blade connector New Footprint=TE blade connector
Change Physical Footprint: Designator=J3 Old Footprint=TE blade connector New Footprint=TE blade connector
Change Physical Footprint: Designator=J4 Old Footprint=TE blade connector New Footprint=TE blade connector
Change Physical Footprint: Designator=J5 Old Footprint=TE blade connector New Footprint=TE blade connector
Change Physical Footprint: Designator=R1 Old Footprint=0805 New Footprint=0805
Change Physical Footprint: Designator=R2 Old Footprint=0805 New Footprint=0805
Change Physical Footprint: Designator=R3 Old Footprint=0805 New Footprint=0805
Change Physical Footprint: Designator=R4 Old Footprint=0805 New Footprint=0805
Change Physical Footprint: Designator=R5 Old Footprint=0805 New Footprint=0805
Change Physical Footprint: Designator=R6 Old Footprint=0805 New Footprint=0805
Change Physical Footprint: Designator=R7 Old Footprint=0805 New Footprint=0805
Change Physical Footprint: Designator=R8 Old Footprint=0805 New Footprint=0805
Change Physical Footprint: Designator=R9 Old Footprint=0805 New Footprint=0805
Change Physical Footprint: Designator=R10 Old Footprint=0805 New Footprint=0805
Change Physical Footprint: Designator=R11 Old Footprint=0805 New Footprint=0805
Change Physical Footprint: Designator=R12 Old Footprint=0805 New Footprint=0805
Change Physical Footprint: Designator=R13 Old Footprint=0805 New Footprint=0805
Change Physical Footprint: Designator=R14 Old Footprint=0805 New Footprint=0805
Change Physical Footprint: Designator=R15 Old Footprint=0805 New Footprint=0805
Change Physical Footprint: Designator=R16 Old Footprint=0805 New Footprint=0805
Change Physical Footprint: Designator=R17 Old Footprint=0805 New Footprint=0805
Change Physical Footprint: Designator=R18 Old Footprint=0805 New Footprint=0805
Change Physical Footprint: Designator=R19 Old Footprint=0805 New Footprint=0805
Change Physical Footprint: Designator=R20 Old Footprint=0805 New Footprint=0805
Change Physical Footprint: Designator=R21 Old Footprint=0805 New Footprint=0805
Change Physical Footprint: Designator=U1 Old Footprint=4-SOP_WE_opto-isolator New Footprint=4-SOP_WE_opto-isolator
Change Physical Footprint: Designator=U2 Old Footprint=4-SOP_WE_opto-isolator New Footprint=4-SOP_WE_opto-isolator
Change Physical Footprint: Designator=U3 Old Footprint=4-SOP_WE_opto-isolator New Footprint=4-SOP_WE_opto-isolator
Change Physical Footprint: Designator=U4 Old Footprint=4-SOP_WE_opto-isolator New Footprint=4-SOP_WE_opto-isolator
Change Physical Footprint: Designator=U5 Old Footprint=8-VSON (3,3x3,3) New Footprint=8-VSON (3,3x3,3)
Change Physical Footprint: Designator=U6 Old Footprint=TSSOP_P065S6.6x6.6 New Footprint=TSSOP_P065S6.6x6.6
Change Physical Footprint: Designator=U7 Old Footprint=SOT-23-3 New Footprint=SOT-23-3
Change Physical Footprint: Designator=U8 Old Footprint=4-SOP_WE_opto-isolator New Footprint=4-SOP_WE_opto-isolator
Change Physical Footprint: Designator=U9 Old Footprint=4-SOP_WE_opto-isolator New Footprint=4-SOP_WE_opto-isolator
Change Physical Footprint: Designator=U10 Old Footprint=4-SOP_WE_opto-isolator New Footprint=4-SOP_WE_opto-isolator
Change Physical Footprint: Designator=U11 Old Footprint=4-SOP_WE_opto-isolator New Footprint=4-SOP_WE_opto-isolator
