Removed Pin From Net: NetName=Vout Pin=C1-1
Removed Pin From Net: NetName=PGND Pin=C1-2
Removed Pin From Net: NetName=PGND Pin=C2-1
Removed Pin From Net: NetName=Vout Pin=C2-2
Removed Pin From Net: NetName=NetC3_1 Pin=C3-1
Removed Pin From Net: NetName=PGND Pin=C3-2
Removed Pin From Net: NetName=PGND Pin=D1-1
Removed Pin From Net: NetName=Vin Pin=D1-2
Removed Pin From Net: NetName=PGND Pin=D2-1
Removed Pin From Net: NetName=Vout Pin=D2-2
Removed Pin From Net: NetName=DGND Pin=D3-1
Removed Pin From Net: NetName=NetD3_2 Pin=D3-2
Removed Pin From Net: NetName=NetD4_1 Pin=D4-1
Removed Pin From Net: NetName=PGND Pin=D4-2
Removed Pin From Net: NetName=NetD5_1 Pin=D5-1
Removed Pin From Net: NetName=NetD5_2 Pin=D5-2
Removed Pin From Net: NetName=DGND Pin=J1-1
Removed Pin From Net: NetName=NetD3_2 Pin=J1-2
Removed Pin From Net: NetName=NetJ1_3 Pin=J1-3
Removed Pin From Net: NetName=NetJ1_4 Pin=J1-4
Removed Pin From Net: NetName=NetJ1_5 Pin=J1-5
Removed Pin From Net: NetName=NetJ1_6 Pin=J1-6
Removed Pin From Net: NetName=NetJ1_7 Pin=J1-7
Removed Pin From Net: NetName=NetJ1_8 Pin=J1-8
Removed Pin From Net: NetName=NetJ1_9 Pin=J1-9
Removed Pin From Net: NetName=NetJ1_10 Pin=J1-10
Removed Pin From Net: NetName=NetJ1_11 Pin=J1-11
Removed Pin From Net: NetName=+3.3V Pin=J1-12
Removed Pin From Net: NetName=NetJ2_1 Pin=J2-1
Removed Pin From Net: NetName=NetJ2_1 Pin=J2-1
Removed Pin From Net: NetName=Vin Pin=J3-1
Removed Pin From Net: NetName=Vin Pin=J3-1
Removed Pin From Net: NetName=PGND Pin=J4-1
Removed Pin From Net: NetName=PGND Pin=J4-1
Removed Pin From Net: NetName=PGND Pin=J5-1
Removed Pin From Net: NetName=PGND Pin=J5-1
Removed Pin From Net: NetName=NetD3_2 Pin=K1-1
Removed Pin From Net: NetName=Vout Pin=K1-2
Removed Pin From Net: NetName=NetJ2_1 Pin=K1-3
Removed Pin From Net: NetName=DGND Pin=K1-5
Removed Pin From Net: NetName=+3.3V Pin=R1-1
Removed Pin From Net: NetName=NetJ1_9 Pin=R1-2
Removed Pin From Net: NetName=+3.3V Pin=R2-1
Removed Pin From Net: NetName=NetJ1_10 Pin=R2-2
Removed Pin From Net: NetName=NetR3_1 Pin=R3-1
Removed Pin From Net: NetName=+3.3V Pin=R3-2
Removed Pin From Net: NetName=NetR4_1 Pin=R4-1
Removed Pin From Net: NetName=+3.3V Pin=R4-2
Removed Pin From Net: NetName=NetJ1_7 Pin=R5-1
Removed Pin From Net: NetName=DGND Pin=R5-2
Removed Pin From Net: NetName=NetD4_1 Pin=R6-1
Removed Pin From Net: NetName=Vout Pin=R6-2
Removed Pin From Net: NetName=NetD4_1 Pin=R7-1
Removed Pin From Net: NetName=NetR8_1 Pin=R8-1
Removed Pin From Net: NetName=+3.3V Pin=R8-2
Removed Pin From Net: NetName=NetR9_1 Pin=R9-1
Removed Pin From Net: NetName=+3.3V Pin=R9-2
Removed Pin From Net: NetName=NetR10_1 Pin=R10-1
Removed Pin From Net: NetName=+3.3V Pin=R10-2
Removed Pin From Net: NetName=NetD5_1 Pin=R11-1
Removed Pin From Net: NetName=Vin Pin=R11-2
Removed Pin From Net: NetName=NetR12_1 Pin=R12-1
Removed Pin From Net: NetName=Vin Pin=R12-2
Removed Pin From Net: NetName=NetD5_2 Pin=R13-1
Removed Pin From Net: NetName=NetR13_2 Pin=R13-2
Removed Pin From Net: NetName=NetR14_1 Pin=R14-1
Removed Pin From Net: NetName=Vout Pin=R14-2
Removed Pin From Net: NetName=Vout Pin=R15-1
Removed Pin From Net: NetName=NetR15_2 Pin=R15-2
Removed Pin From Net: NetName=NetR16_1 Pin=R16-1
Removed Pin From Net: NetName=NetR16_2 Pin=R16-2
Removed Pin From Net: NetName=NetR16_1 Pin=R17-1
Removed Pin From Net: NetName=NetR12_1 Pin=R17-2
Removed Pin From Net: NetName=NetR18_1 Pin=R18-1
Removed Pin From Net: NetName=NetR16_1 Pin=R18-2
Removed Pin From Net: NetName=Vin Pin=R19-1
Removed Pin From Net: NetName=NetR19_2 Pin=R19-2
Removed Pin From Net: NetName=NetR20_1 Pin=R20-1
Removed Pin From Net: NetName=NetR18_1 Pin=R20-2
Removed Pin From Net: NetName=PGND Pin=R21-1
Removed Pin From Net: NetName=NetR18_1 Pin=R21-2
Removed Pin From Net: NetName=PGND Pin=R22-1
Removed Pin From Net: NetName=NetR22_2 Pin=R22-2
Removed Pin From Net: NetName=PGND Pin=R23-1
Removed Pin From Net: NetName=NetR23_2 Pin=R23-2
Removed Pin From Net: NetName=PGND Pin=R24-1
Removed Pin From Net: NetName=NetR24_2 Pin=R24-2
Removed Pin From Net: NetName=PGND Pin=R25-1
Removed Pin From Net: NetName=NetR14_1 Pin=R25-2
Removed Pin From Net: NetName=NetR26_1 Pin=R26-1
Removed Pin From Net: NetName=+3.3V Pin=R26-2
Removed Pin From Net: NetName=Vout Pin=TP1-1
Removed Pin From Net: NetName=DGND Pin=TP2-1
Removed Pin From Net: NetName=Vin Pin=TP3-1
Removed Pin From Net: NetName=NetD4_1 Pin=TP4-1
Removed Pin From Net: NetName=NetD5_2 Pin=TP5-1
Removed Pin From Net: NetName=NetTP6_1 Pin=TP6-1
Removed Pin From Net: NetName=NetR16_1 Pin=TP7-1
Removed Pin From Net: NetName=NetTP8_1 Pin=TP8-1
Removed Pin From Net: NetName=NetR18_1 Pin=TP9-1
Removed Pin From Net: NetName=PGND Pin=TP10-1
Removed Pin From Net: NetName=NetR3_1 Pin=U1-1
Removed Pin From Net: NetName=NetJ1_8 Pin=U1-2
Removed Pin From Net: NetName=PGND Pin=U1-3
Removed Pin From Net: NetName=NetU1_4 Pin=U1-4
Removed Pin From Net: NetName=Vin Pin=U2-1
Removed Pin From Net: NetName=NetR13_2 Pin=U2-2
Removed Pin From Net: NetName=DGND Pin=U2-3
Removed Pin From Net: NetName=NetJ1_9 Pin=U2-4
Removed Pin From Net: NetName=PGND Pin=U3-2
Removed Pin From Net: NetName=DGND Pin=U3-3
Removed Pin From Net: NetName=NetJ1_10 Pin=U3-4
Removed Pin From Net: NetName=NetR4_1 Pin=U4-1
Removed Pin From Net: NetName=NetJ1_11 Pin=U4-2
Removed Pin From Net: NetName=NetR16_2 Pin=U4-3
Removed Pin From Net: NetName=Vin Pin=U4-4
Removed Pin From Net: NetName=NetR15_2 Pin=U5-1
Removed Pin From Net: NetName=NetU5_2 Pin=U5-2
Removed Pin From Net: NetName=NetJ1_7 Pin=U5-3
Removed Pin From Net: NetName=+3.3V Pin=U5-4
Removed Pin From Net: NetName=NetU6_1 Pin=U6-1
Removed Pin From Net: NetName=Vin Pin=U6-2
Removed Pin From Net: NetName=Vin Pin=U6-2
Removed Pin From Net: NetName=Vin Pin=U6-2
Removed Pin From Net: NetName=NetU6_3 Pin=U6-3
Removed Pin From Net: NetName=NetU6_3 Pin=U6-3
Removed Pin From Net: NetName=NetU6_3 Pin=U6-3
Removed Pin From Net: NetName=NetU6_3 Pin=U6-3
Removed Pin From Net: NetName=NetU6_3 Pin=U6-3
Removed Pin From Net: NetName=NetU6_3 Pin=U6-3
Removed Pin From Net: NetName=NetU6_3 Pin=U6-3
Removed Pin From Net: NetName=NetU6_3 Pin=U6-3
Removed Pin From Net: NetName=NetU6_3 Pin=U6-3
Removed Pin From Net: NetName=NetU6_3 Pin=U7-1
Removed Pin From Net: NetName=NetU6_3 Pin=U7-2
Removed Pin From Net: NetName=NetU6_3 Pin=U7-3
Removed Pin From Net: NetName=NetU6_1 Pin=U7-4
Removed Pin From Net: NetName=NetU7_5 Pin=U7-5
Removed Pin From Net: NetName=Vin Pin=U7-6
Removed Pin From Net: NetName=NetR16_1 Pin=U7-7
Removed Pin From Net: NetName=NetR18_1 Pin=U7-8
Removed Pin From Net: NetName=PGND Pin=U7-9
Removed Pin From Net: NetName=NetC3_1 Pin=U7-10
Removed Pin From Net: NetName=NetTP8_1 Pin=U7-11
Removed Pin From Net: NetName=NetR19_2 Pin=U7-12
Removed Pin From Net: NetName=NetU1_4 Pin=U7-13
Removed Pin From Net: NetName=NetTP6_1 Pin=U7-14
Removed Pin From Net: NetName=NetD5_2 Pin=U7-15
Removed Pin From Net: NetName=NetR14_1 Pin=U7-16
Removed Pin From Net: NetName=NetD4_1 Pin=U7-17
Removed Pin From Net: NetName=Vout Pin=U7-18
Removed Pin From Net: NetName=Vout Pin=U7-19
Removed Pin From Net: NetName=Vout Pin=U7-20
Removed Pin From Net: NetName=PGND Pin=U7-PAD
Removed Pin From Net: NetName=NetU7_5 Pin=U8-1
Removed Pin From Net: NetName=Vin Pin=U8-2
Removed Pin From Net: NetName=NetU6_1 Pin=U8-3
Removed Pin From Net: NetName=NetR8_1 Pin=U9-1
Removed Pin From Net: NetName=NetJ1_5 Pin=U9-2
Removed Pin From Net: NetName=NetR22_2 Pin=U9-3
Removed Pin From Net: NetName=NetTP8_1 Pin=U9-4
Removed Pin From Net: NetName=NetR9_1 Pin=U10-1
Removed Pin From Net: NetName=NetJ1_4 Pin=U10-2
Removed Pin From Net: NetName=NetR23_2 Pin=U10-3
Removed Pin From Net: NetName=NetTP8_1 Pin=U10-4
Removed Pin From Net: NetName=NetR10_1 Pin=U11-1
Removed Pin From Net: NetName=NetJ1_3 Pin=U11-2
Removed Pin From Net: NetName=NetR24_2 Pin=U11-3
Removed Pin From Net: NetName=NetTP8_1 Pin=U11-4
Removed Pin From Net: NetName=NetTP6_1 Pin=U12-1
Removed Pin From Net: NetName=PGND Pin=U12-2
Removed Pin From Net: NetName=NetU5_2 Pin=U12-3
Removed Pin From Net: NetName=NetR26_1 Pin=U13-1
Removed Pin From Net: NetName=NetJ1_6 Pin=U13-2
Removed Pin From Net: NetName=PGND Pin=U13-3
Removed Pin From Net: NetName=NetR20_1 Pin=U13-4
Removed Member From Class: ClassName=eFuse Member=C1
Removed Member From Class: ClassName=eFuse Member=C2
Removed Member From Class: ClassName=eFuse Member=C3
Removed Member From Class: ClassName=eFuse Member=D1
Removed Member From Class: ClassName=eFuse Member=D2
Removed Member From Class: ClassName=eFuse Member=D3
Removed Member From Class: ClassName=eFuse Member=H1
Removed Member From Class: ClassName=eFuse Member=H2
Removed Member From Class: ClassName=eFuse Member=H3
Removed Member From Class: ClassName=eFuse Member=H4
Removed Member From Class: ClassName=eFuse Member=J2
Removed Member From Class: ClassName=eFuse Member=J3
Removed Member From Class: ClassName=eFuse Member=J4
Removed Member From Class: ClassName=eFuse Member=J5
Removed Member From Class: ClassName=eFuse Member=K1
Removed Member From Class: ClassName=eFuse Member=R12
Removed Member From Class: ClassName=eFuse Member=R14
Removed Member From Class: ClassName=eFuse Member=R16
Removed Member From Class: ClassName=eFuse Member=R17
Removed Member From Class: ClassName=eFuse Member=R18
Removed Member From Class: ClassName=eFuse Member=R19
Removed Member From Class: ClassName=eFuse Member=R20
Removed Member From Class: ClassName=eFuse Member=R21
Removed Member From Class: ClassName=eFuse Member=R25
Removed Member From Class: ClassName=eFuse Member=TP1
Removed Member From Class: ClassName=eFuse Member=TP3
Removed Member From Class: ClassName=eFuse Member=TP7
Removed Member From Class: ClassName=eFuse Member=TP8
Removed Member From Class: ClassName=eFuse Member=TP9
Removed Member From Class: ClassName=eFuse Member=TP10
Removed Member From Class: ClassName=eFuse Member=U6
Removed Member From Class: ClassName=eFuse Member=U7
Removed Member From Class: ClassName=eFuse Member=U8
Added Component: Designator=C1(8mm smd cap)
Added Component: Designator=C2(0805)
Added Component: Designator=C3(0805)
Added Component: Designator=D1(DO-214AB-SMC Bipolar)
Added Component: Designator=D2(DO-214AC, SMA)
Added Component: Designator=D3(DO-214AC, SMA)
Added Component: Designator=D4(0805 LED)
Added Component: Designator=D5(0805 LED)
Added Component: Designator=H1(M3 HOLE iso)
Added Component: Designator=H2(M3 HOLE iso)
Added Component: Designator=H3(M3 HOLE iso)
Added Component: Designator=H4(M3 HOLE iso)
Added Component: Designator=J1(JST_XH_B12B-XH-A_1x12_P2.50mm_Vertical)
Add component (AddParameter): Name = "Supplier"; Value = ""; VariantName = "[No Variations]"
Added Component: Designator=J2(TE blade connector)
Added Component: Designator=J3(TE blade connector)
Added Component: Designator=J4(TE blade connector)
Added Component: Designator=J5(TE blade connector)
Added Component: Designator=K1(G6RL-1A DC3 relay)
Added Component: Designator=R1(0805)
Added Component: Designator=R2(0805)
Added Component: Designator=R3(0805)
Added Component: Designator=R4(0805)
Added Component: Designator=R5(0805)
Added Component: Designator=R6(0805)
Added Component: Designator=R7(0805)
Added Component: Designator=R8(0805)
Added Component: Designator=R9(0805)
Added Component: Designator=R10(0805)
Added Component: Designator=R11(0805)
Added Component: Designator=R12(0805)
Added Component: Designator=R13(0805)
Added Component: Designator=R14(0805)
Added Component: Designator=R15(0805)
Added Component: Designator=R16(0805)
Added Component: Designator=R17(0805)
Added Component: Designator=R18(0805)
Added Component: Designator=R19(0805)
Added Component: Designator=R20(0805)
Added Component: Designator=R21(0805)
Added Component: Designator=R22(0805)
Added Component: Designator=R23(0805)
Added Component: Designator=R24(0805)
Added Component: Designator=R25(0805)
Added Component: Designator=R26(0805)
Added Component: Designator=TP1(Test Loop 1.6mm)
Added Component: Designator=TP2(Test Loop 1.6mm)
Added Component: Designator=TP3(Test Loop 1.6mm)
Added Component: Designator=TP4(Test Loop 1.6mm)
Added Component: Designator=TP5(Test Loop 1.6mm)
Added Component: Designator=TP6(Test Loop 1.6mm)
Added Component: Designator=TP7(Test Loop 1.6mm)
Added Component: Designator=TP8(Test Loop 1.6mm)
Added Component: Designator=TP9(Test Loop 1.6mm)
Added Component: Designator=TP10(Test Loop 1.6mm)
Added Component: Designator=TP11(Test Loop 1.6mm)
Added Component: Designator=U1(4-SOP_WE_opto-isolator)
Added Component: Designator=U2(4-SOP_WE_opto-isolator)
Added Component: Designator=U3(4-SOP_WE_opto-isolator)
Added Component: Designator=U4(4-SOP_WE_opto-isolator)
Added Component: Designator=U5(4-SOP_WE_opto-isolator)
Added Component: Designator=U6(8-VSON (3,3x3,3))
Added Component: Designator=U7(TSSOP_P065S6.6x6.6)
Added Component: Designator=U8(SOT-23-3)
Added Component: Designator=U9(4-SOP_WE_opto-isolator)
Added Component: Designator=U10(4-SOP_WE_opto-isolator)
Added Component: Designator=U11(4-SOP_WE_opto-isolator)
Added Component: Designator=U12(SOT23(TO-236AB)P095S230x290)
Added Component: Designator=U13(4-SOP_WE_opto-isolator)
Added Pin To Net: NetName=Vout Pin=C1-1
Added Pin To Net: NetName=PGND Pin=C1-2
Added Pin To Net: NetName=PGND Pin=C2-1
Added Pin To Net: NetName=Vout Pin=C2-2
Added Pin To Net: NetName=NetC3_1 Pin=C3-1
Added Pin To Net: NetName=PGND Pin=C3-2
Added Pin To Net: NetName=PGND Pin=D1-1
Added Pin To Net: NetName=Vin Pin=D1-2
Added Pin To Net: NetName=PGND Pin=D2-1
Added Pin To Net: NetName=Vout Pin=D2-2
Added Pin To Net: NetName=DGND Pin=D3-1
Added Pin To Net: NetName=NetD3_2 Pin=D3-2
Added Pin To Net: NetName=NetD4_1 Pin=D4-1
Added Pin To Net: NetName=PGND Pin=D4-2
Added Pin To Net: NetName=NetD5_1 Pin=D5-1
Added Pin To Net: NetName=NetD5_2 Pin=D5-2
Added Pin To Net: NetName=DGND Pin=J1-1
Added Pin To Net: NetName=NetD3_2 Pin=J1-2
Added Pin To Net: NetName=NetJ1_3 Pin=J1-3
Added Pin To Net: NetName=NetJ1_4 Pin=J1-4
Added Pin To Net: NetName=NetJ1_5 Pin=J1-5
Added Pin To Net: NetName=NetJ1_6 Pin=J1-6
Added Pin To Net: NetName=NetJ1_7 Pin=J1-7
Added Pin To Net: NetName=NetJ1_8 Pin=J1-8
Added Pin To Net: NetName=NetJ1_9 Pin=J1-9
Added Pin To Net: NetName=NetJ1_10 Pin=J1-10
Added Pin To Net: NetName=NetJ1_11 Pin=J1-11
Added Pin To Net: NetName=+3.3V Pin=J1-12
Added Pin To Net: NetName=NetJ2_1 Pin=J2-1
Added Pin To Net: NetName=NetJ2_1 Pin=J2-1
Added Pin To Net: NetName=Vin Pin=J3-1
Added Pin To Net: NetName=Vin Pin=J3-1
Added Pin To Net: NetName=PGND Pin=J4-1
Added Pin To Net: NetName=PGND Pin=J4-1
Added Pin To Net: NetName=PGND Pin=J5-1
Added Pin To Net: NetName=PGND Pin=J5-1
Added Pin To Net: NetName=NetD3_2 Pin=K1-1
Added Pin To Net: NetName=Vout Pin=K1-2
Added Pin To Net: NetName=NetJ2_1 Pin=K1-3
Added Pin To Net: NetName=DGND Pin=K1-5
Added Pin To Net: NetName=+3.3V Pin=R1-1
Added Pin To Net: NetName=NetJ1_9 Pin=R1-2
Added Pin To Net: NetName=+3.3V Pin=R2-1
Added Pin To Net: NetName=NetJ1_10 Pin=R2-2
Added Pin To Net: NetName=NetR3_1 Pin=R3-1
Added Pin To Net: NetName=+3.3V Pin=R3-2
Added Pin To Net: NetName=NetR4_1 Pin=R4-1
Added Pin To Net: NetName=+3.3V Pin=R4-2
Added Pin To Net: NetName=NetJ1_7 Pin=R5-1
Added Pin To Net: NetName=DGND Pin=R5-2
Added Pin To Net: NetName=NetD4_1 Pin=R6-1
Added Pin To Net: NetName=Vout Pin=R6-2
Added Pin To Net: NetName=NetD4_1 Pin=R7-1
Added Pin To Net: NetName=NetR8_1 Pin=R8-1
Added Pin To Net: NetName=+3.3V Pin=R8-2
Added Pin To Net: NetName=NetR9_1 Pin=R9-1
Added Pin To Net: NetName=+3.3V Pin=R9-2
Added Pin To Net: NetName=NetR10_1 Pin=R10-1
Added Pin To Net: NetName=+3.3V Pin=R10-2
Added Pin To Net: NetName=NetD5_1 Pin=R11-1
Added Pin To Net: NetName=Vin Pin=R11-2
Added Pin To Net: NetName=NetR12_1 Pin=R12-1
Added Pin To Net: NetName=Vin Pin=R12-2
Added Pin To Net: NetName=NetD5_2 Pin=R13-1
Added Pin To Net: NetName=NetR13_2 Pin=R13-2
Added Pin To Net: NetName=NetR14_1 Pin=R14-1
Added Pin To Net: NetName=Vout Pin=R14-2
Added Pin To Net: NetName=Vout Pin=R15-1
Added Pin To Net: NetName=NetR15_2 Pin=R15-2
Added Pin To Net: NetName=NetR16_1 Pin=R16-1
Added Pin To Net: NetName=NetR16_2 Pin=R16-2
Added Pin To Net: NetName=NetR16_1 Pin=R17-1
Added Pin To Net: NetName=NetR12_1 Pin=R17-2
Added Pin To Net: NetName=NetR18_1 Pin=R18-1
Added Pin To Net: NetName=NetR16_1 Pin=R18-2
Added Pin To Net: NetName=Vin Pin=R19-1
Added Pin To Net: NetName=NetR19_2 Pin=R19-2
Added Pin To Net: NetName=NetR20_1 Pin=R20-1
Added Pin To Net: NetName=NetR18_1 Pin=R20-2
Added Pin To Net: NetName=PGND Pin=R21-1
Added Pin To Net: NetName=NetR18_1 Pin=R21-2
Added Pin To Net: NetName=PGND Pin=R22-1
Added Pin To Net: NetName=NetR22_2 Pin=R22-2
Added Pin To Net: NetName=PGND Pin=R23-1
Added Pin To Net: NetName=NetR23_2 Pin=R23-2
Added Pin To Net: NetName=PGND Pin=R24-1
Added Pin To Net: NetName=NetR24_2 Pin=R24-2
Added Pin To Net: NetName=PGND Pin=R25-1
Added Pin To Net: NetName=NetR14_1 Pin=R25-2
Added Pin To Net: NetName=NetR26_1 Pin=R26-1
Added Pin To Net: NetName=+3.3V Pin=R26-2
Added Pin To Net: NetName=Vout Pin=TP1-1
Added Pin To Net: NetName=DGND Pin=TP2-1
Added Pin To Net: NetName=Vin Pin=TP3-1
Added Pin To Net: NetName=NetD4_1 Pin=TP4-1
Added Pin To Net: NetName=NetD5_2 Pin=TP5-1
Added Pin To Net: NetName=NetTP6_1 Pin=TP6-1
Added Pin To Net: NetName=NetR16_1 Pin=TP7-1
Added Pin To Net: NetName=NetTP8_1 Pin=TP8-1
Added Pin To Net: NetName=NetR18_1 Pin=TP9-1
Added Pin To Net: NetName=PGND Pin=TP10-1
Added Pin To Net: NetName=+3.3V Pin=TP11-1
Added Pin To Net: NetName=NetR3_1 Pin=U1-1
Added Pin To Net: NetName=NetJ1_8 Pin=U1-2
Added Pin To Net: NetName=PGND Pin=U1-3
Added Pin To Net: NetName=NetU1_4 Pin=U1-4
Added Pin To Net: NetName=Vin Pin=U2-1
Added Pin To Net: NetName=NetR13_2 Pin=U2-2
Added Pin To Net: NetName=DGND Pin=U2-3
Added Pin To Net: NetName=PGND Pin=U3-2
Added Pin To Net: NetName=DGND Pin=U3-3
Added Pin To Net: NetName=NetJ1_10 Pin=U3-4
Added Pin To Net: NetName=NetR4_1 Pin=U4-1
Added Pin To Net: NetName=NetJ1_11 Pin=U4-2
Added Pin To Net: NetName=NetR16_2 Pin=U4-3
Added Pin To Net: NetName=Vin Pin=U4-4
Added Pin To Net: NetName=NetR15_2 Pin=U5-1
Added Pin To Net: NetName=NetU5_2 Pin=U5-2
Added Pin To Net: NetName=NetJ1_7 Pin=U5-3
Added Pin To Net: NetName=+3.3V Pin=U5-4
Added Pin To Net: NetName=NetU6_1 Pin=U6-1
Added Pin To Net: NetName=Vin Pin=U6-2
Added Pin To Net: NetName=Vin Pin=U6-2
Added Pin To Net: NetName=Vin Pin=U6-2
Added Pin To Net: NetName=NetU6_3 Pin=U6-3
Added Pin To Net: NetName=NetU6_3 Pin=U6-3
Added Pin To Net: NetName=NetU6_3 Pin=U6-3
Added Pin To Net: NetName=NetU6_3 Pin=U6-3
Added Pin To Net: NetName=NetU6_3 Pin=U6-3
Added Pin To Net: NetName=NetU6_3 Pin=U6-3
Added Pin To Net: NetName=NetU6_3 Pin=U6-3
Added Pin To Net: NetName=NetU6_3 Pin=U6-3
Added Pin To Net: NetName=NetU6_3 Pin=U6-3
Added Pin To Net: NetName=NetU6_3 Pin=U7-1
Added Pin To Net: NetName=NetU6_3 Pin=U7-2
Added Pin To Net: NetName=NetU6_3 Pin=U7-3
Added Pin To Net: NetName=NetU6_1 Pin=U7-4
Added Pin To Net: NetName=NetU7_5 Pin=U7-5
Added Pin To Net: NetName=Vin Pin=U7-6
Added Pin To Net: NetName=NetR16_1 Pin=U7-7
Added Pin To Net: NetName=NetR18_1 Pin=U7-8
Added Pin To Net: NetName=PGND Pin=U7-9
Added Pin To Net: NetName=NetC3_1 Pin=U7-10
Added Pin To Net: NetName=NetTP8_1 Pin=U7-11
Added Pin To Net: NetName=NetR19_2 Pin=U7-12
Added Pin To Net: NetName=NetU1_4 Pin=U7-13
Added Pin To Net: NetName=NetTP6_1 Pin=U7-14
Added Pin To Net: NetName=NetD5_2 Pin=U7-15
Added Pin To Net: NetName=NetR14_1 Pin=U7-16
Added Pin To Net: NetName=NetD4_1 Pin=U7-17
Added Pin To Net: NetName=Vout Pin=U7-18
Added Pin To Net: NetName=Vout Pin=U7-19
Added Pin To Net: NetName=Vout Pin=U7-20
Added Pin To Net: NetName=PGND Pin=U7-PAD
Added Pin To Net: NetName=NetU7_5 Pin=U8-1
Added Pin To Net: NetName=Vin Pin=U8-2
Added Pin To Net: NetName=NetU6_1 Pin=U8-3
Added Pin To Net: NetName=NetR8_1 Pin=U9-1
Added Pin To Net: NetName=NetJ1_5 Pin=U9-2
Added Pin To Net: NetName=NetR22_2 Pin=U9-3
Added Pin To Net: NetName=NetTP8_1 Pin=U9-4
Added Pin To Net: NetName=NetR9_1 Pin=U10-1
Added Pin To Net: NetName=NetJ1_4 Pin=U10-2
Added Pin To Net: NetName=NetR23_2 Pin=U10-3
Added Pin To Net: NetName=NetTP8_1 Pin=U10-4
Added Pin To Net: NetName=NetR10_1 Pin=U11-1
Added Pin To Net: NetName=NetJ1_3 Pin=U11-2
Added Pin To Net: NetName=NetR24_2 Pin=U11-3
Added Pin To Net: NetName=NetTP8_1 Pin=U11-4
Added Pin To Net: NetName=NetTP6_1 Pin=U12-1
Added Pin To Net: NetName=PGND Pin=U12-2
Added Pin To Net: NetName=NetU5_2 Pin=U12-3
Added Pin To Net: NetName=NetR26_1 Pin=U13-1
Added Pin To Net: NetName=NetJ1_6 Pin=U13-2
Added Pin To Net: NetName=PGND Pin=U13-3
Added Pin To Net: NetName=NetR20_1 Pin=U13-4
Change Class Name : Old Net Name=eFuse New Net Name=Signal
Added Class: Name=eFuse
Added Member To Class: ClassName=Signal Member=Component TP11 +3.3V
Added Room: Name=Signal
