Removed Pin From Net: NetName=+3.3V Pin=J1-11
Removed Pin From Net: NetName=Vout Pin=J2-1
Removed Pin From Net: NetName=Vout Pin=J2-1
Removed Pin From Net: NetName=NetJ1_9 Pin=R1-2
Removed Pin From Net: NetName=NetJ1_8 Pin=R3-2
Removed Pin From Net: NetName=NetJ1_6 Pin=R22-1
Removed Pin From Net: NetName=NetJ1_7 Pin=U1-2
Removed Pin From Net: NetName=NetJ1_8 Pin=U2-4
Removed Pin From Net: NetName=NetJ1_9 Pin=U3-4
Removed Pin From Net: NetName=NetJ1_10 Pin=U4-2
Removed Pin From Net: NetName=NetJ1_4 Pin=U8-2
Removed Pin From Net: NetName=NetJ1_3 Pin=U9-2
Removed Pin From Net: NetName=NetJ1_5 Pin=U11-2
Removed Pin From Net: NetName=NetJ1_6 Pin=U12-3
Change Component Footprint: Designator=J1 Old Footprint=JST_XH_B11B-XH-A_1x11_P2.50mm_Vertical New Footprint=JST_XH_B12B-XH-A_1x12_P2.50mm_Vertical
Change Component Comment : Designator=J1 Old Comment=xh_11_vert New Comment=xh_12_vert
Change Component Designator: OldDesignator=D3 NewDesignator=D4
Change Component Designator: OldDesignator=D4 NewDesignator=D5
Change Component Designator: OldDesignator=R1 NewDesignator=R2
Change Component Designator: OldDesignator=R2 NewDesignator=R3
Change Component Designator: OldDesignator=R3 NewDesignator=R1
Change Component Designator: OldDesignator=R5 NewDesignator=R7
Change Component Designator: OldDesignator=R6 NewDesignator=R13
Change Component Designator: OldDesignator=R7 NewDesignator=R8
Change Component Designator: OldDesignator=R8 NewDesignator=R9
Change Component Designator: OldDesignator=R9 NewDesignator=R10
Change Component Designator: OldDesignator=R10 NewDesignator=R12
Change Component Designator: OldDesignator=R11 NewDesignator=R14
Change Component Designator: OldDesignator=R12 NewDesignator=R16
Change Component Designator: OldDesignator=R13 NewDesignator=R17
Change Component Designator: OldDesignator=R14 NewDesignator=R18
Change Component Designator: OldDesignator=R15 NewDesignator=R20
Change Component Designator: OldDesignator=R16 NewDesignator=R21
Change Component Designator: OldDesignator=R17 NewDesignator=R22
Change Component Designator: OldDesignator=R18 NewDesignator=R23
Change Component Designator: OldDesignator=R19 NewDesignator=R24
Change Component Designator: OldDesignator=R20 NewDesignator=R25
Change Component Designator: OldDesignator=R21 NewDesignator=R26
Change Component Designator: OldDesignator=R22 NewDesignator=R5
Change Component Designator: OldDesignator=R23 NewDesignator=R6
Change Component Designator: OldDesignator=R24 NewDesignator=R11
Change Component Designator: OldDesignator=R25 NewDesignator=R15
Change Component Designator: OldDesignator=R26 NewDesignator=R19
Change Component Designator: OldDesignator=U5 NewDesignator=U6
Change Component Designator: OldDesignator=U6 NewDesignator=U7
Change Component Designator: OldDesignator=U7 NewDesignator=U8
Change Component Designator: OldDesignator=U8 NewDesignator=U9
Change Component Designator: OldDesignator=U9 NewDesignator=U10
Change Component Designator: OldDesignator=U10 NewDesignator=U11
Change Component Designator: OldDesignator=U11 NewDesignator=U13
Change Component Designator: OldDesignator=U12 NewDesignator=U5
Change Component Designator: OldDesignator=U13 NewDesignator=U12
Added Component: Designator=D3(DO-214AC, SMA)
Added Component: Designator=TP1(Test Loop 1.6mm)
Added Component: Designator=TP2(Test Loop 1.6mm)
Added Component: Designator=TP3(Test Loop 1.6mm)
Added Component: Designator=TP4(Test Loop 1.6mm)
Added Component: Designator=TP5(Test Loop 1.6mm)
Added Component: Designator=TP6(Test Loop 1.6mm)
Added Component: Designator=TP7(Test Loop 1.6mm)
Added Component: Designator=TP8(Test Loop 1.6mm)
Added Component: Designator=TP9(Test Loop 1.6mm)
Added Component: Designator=TP10(Test Loop 1.6mm)
Added Pin To Net: NetName=DGND Pin=D3-1
Added Pin To Net: NetName=+3.3V Pin=J1-12
Added Pin To Net: NetName=NetJ1_9 Pin=R1-2
Added Pin To Net: NetName=NetJ1_10 Pin=R2-2
Added Pin To Net: NetName=NetJ1_7 Pin=R5-1
Added Pin To Net: NetName=Vout Pin=TP1-1
Added Pin To Net: NetName=DGND Pin=TP2-1
Added Pin To Net: NetName=Vin Pin=TP3-1
Added Pin To Net: NetName=NetD3_1 Pin=TP4-1
Added Pin To Net: NetName=NetD4_2 Pin=TP5-1
Added Pin To Net: NetName=NetR12_1 Pin=TP7-1
Added Pin To Net: NetName=NetU6_11 Pin=TP8-1
Added Pin To Net: NetName=NetR14_1 Pin=TP9-1
Added Pin To Net: NetName=PGND Pin=TP10-1
Added Pin To Net: NetName=NetJ1_8 Pin=U1-2
Added Pin To Net: NetName=NetJ1_9 Pin=U2-4
Added Pin To Net: NetName=NetJ1_10 Pin=U3-4
Added Pin To Net: NetName=NetJ1_7 Pin=U5-3
Added Pin To Net: NetName=NetJ1_5 Pin=U9-2
Added Pin To Net: NetName=NetJ1_4 Pin=U10-2
Added Pin To Net: NetName=NetJ1_3 Pin=U11-2
Added Pin To Net: NetName=NetJ1_6 Pin=U13-2
Change Net Name : Old Net Name=NetD3_1 New Net Name=NetD4_1
Change Net Name : Old Net Name=NetD4_1 New Net Name=NetD5_1
Change Net Name : Old Net Name=NetD4_2 New Net Name=NetD5_2
Change Net Name : Old Net Name=NetR2_1 New Net Name=NetR3_1
Change Net Name : Old Net Name=NetR5_2 New Net Name=NetR7_2
Change Net Name : Old Net Name=NetR6_2 New Net Name=NetR13_2
Change Net Name : Old Net Name=NetR7_1 New Net Name=NetR8_1
Change Net Name : Old Net Name=NetR8_1 New Net Name=NetR9_1
Change Net Name : Old Net Name=NetR9_1 New Net Name=NetR10_1
Change Net Name : Old Net Name=NetR10_1 New Net Name=NetR12_1
Change Net Name : Old Net Name=NetR11_1 New Net Name=NetR14_1
Change Net Name : Old Net Name=NetR12_1 New Net Name=NetR16_1
Change Net Name : Old Net Name=NetR12_2 New Net Name=NetR16_2
Change Net Name : Old Net Name=NetR14_1 New Net Name=NetR18_1
Change Net Name : Old Net Name=NetR15_1 New Net Name=NetR20_1
Change Net Name : Old Net Name=NetR17_2 New Net Name=NetR22_2
Change Net Name : Old Net Name=NetR18_2 New Net Name=NetR23_2
Change Net Name : Old Net Name=NetR19_2 New Net Name=NetR24_2
Change Net Name : Old Net Name=NetR21_1 New Net Name=NetR26_1
Change Net Name : Old Net Name=NetR25_2 New Net Name=NetR15_2
Change Net Name : Old Net Name=NetR26_2 New Net Name=NetR19_2
Change Net Name : Old Net Name=NetU5_1 New Net Name=NetU6_1
Change Net Name : Old Net Name=NetU5_3 New Net Name=NetU6_3
Change Net Name : Old Net Name=NetU6_5 New Net Name=NetU7_5
Change Net Name : Old Net Name=NetU6_11 New Net Name=NetTP8_1
Change Net Name : Old Net Name=NetU12_2 New Net Name=NetU5_2
Added Pin To Net: NetName=NetD3_2 Pin=D3-2
Added Pin To Net: NetName=NetD3_2 Pin=J1-2
Added Net: Name=NetD3_2
Added Pin To Net: NetName=NetJ1_11 Pin=J1-11
Added Pin To Net: NetName=NetJ1_11 Pin=U4-2
Added Net: Name=NetJ1_11
Added Pin To Net: NetName=NetJ2_1 Pin=J2-1
Added Pin To Net: NetName=NetJ2_1 Pin=J2-1
Added Net: Name=NetJ2_1
Added Pin To Net: NetName=NetTP6_1 Pin=TP6-1
Added Pin To Net: NetName=NetTP6_1 Pin=U7-14
Added Pin To Net: NetName=NetTP6_1 Pin=U12-1
Added Net: Name=NetTP6_1
Added Member To Class: ClassName=eFuse Member=Component C1 470uF
Added Member To Class: ClassName=eFuse Member=Component C2 1uF
Added Member To Class: ClassName=eFuse Member=Component C3 x
Added Member To Class: ClassName=eFuse Member=Component D1 SMCJ58CA-HF
Added Member To Class: ClassName=eFuse Member=Component D2 SS210ATR
Added Member To Class: ClassName=eFuse Member=Component D5 Red
Added Member To Class: ClassName=eFuse Member=Component H1 mountinghole
Added Member To Class: ClassName=eFuse Member=Component H2 mountinghole
Added Member To Class: ClassName=eFuse Member=Component H3 mountinghole
Added Member To Class: ClassName=eFuse Member=Component H4 mountinghole
Added Member To Class: ClassName=eFuse Member=Component J1 xh_12_vert
Added Member To Class: ClassName=eFuse Member=Component J2 Blade Quick Disconnect
Added Member To Class: ClassName=eFuse Member=Component J3 Blade Quick Disconnect
Added Member To Class: ClassName=eFuse Member=Component J4 Blade Quick Disconnect
Added Member To Class: ClassName=eFuse Member=Component J5 Blade Quick Disconnect
Added Member To Class: ClassName=eFuse Member=Component R1 10k
Added Member To Class: ClassName=eFuse Member=Component R2 10k
Added Member To Class: ClassName=eFuse Member=Component R3 390
Added Member To Class: ClassName=eFuse Member=Component R4 390
Added Member To Class: ClassName=eFuse Member=Component R7 4.3k
Added Member To Class: ClassName=eFuse Member=Component R8 390
Added Member To Class: ClassName=eFuse Member=Component R9 390
Added Member To Class: ClassName=eFuse Member=Component R10 390
Added Member To Class: ClassName=eFuse Member=Component R12 910K
Added Member To Class: ClassName=eFuse Member=Component R13 4.3k
Added Member To Class: ClassName=eFuse Member=Component R14 1M
Added Member To Class: ClassName=eFuse Member=Component R16 430k
Added Member To Class: ClassName=eFuse Member=Component R17 75k
Added Member To Class: ClassName=eFuse Member=Component R18 24k
Added Member To Class: ClassName=eFuse Member=Component R19 10k
Added Member To Class: ClassName=eFuse Member=Component R20 51k
Added Member To Class: ClassName=eFuse Member=Component R21 91k
Added Member To Class: ClassName=eFuse Member=Component R22 13K
Added Member To Class: ClassName=eFuse Member=Component R23 6.8k
Added Member To Class: ClassName=eFuse Member=Component R24 4.3k
Added Member To Class: ClassName=eFuse Member=Component R25 56k
Added Member To Class: ClassName=eFuse Member=Component R26 740
Added Member To Class: ClassName=eFuse Member=Component TP1 Vout
Added Member To Class: ClassName=eFuse Member=Component TP2 DGND
Added Member To Class: ClassName=eFuse Member=Component TP3 Vin
Added Member To Class: ClassName=eFuse Member=Component TP4 PGOOD
Added Member To Class: ClassName=eFuse Member=Component TP5 FLT
Added Member To Class: ClassName=eFuse Member=Component TP6 IMON
Added Member To Class: ClassName=eFuse Member=Component TP7 UVLO
Added Member To Class: ClassName=eFuse Member=Component TP8 ILIM
Added Member To Class: ClassName=eFuse Member=Component TP9 OVP
Added Member To Class: ClassName=eFuse Member=Component TP10 PGND
Added Member To Class: ClassName=eFuse Member=Component U1 WL-OCPT
Added Member To Class: ClassName=eFuse Member=Component U2 WL-OCPT
Added Member To Class: ClassName=eFuse Member=Component U3 WL-OCPT
Added Member To Class: ClassName=eFuse Member=Component U4 WL-OCPT
Added Member To Class: ClassName=eFuse Member=Component U5 WL-OCPT
Added Member To Class: ClassName=eFuse Member=Component U6 ?CSD19537Q3?
Added Member To Class: ClassName=eFuse Member=Component U7 TPS26631PWPT
Added Member To Class: ClassName=eFuse Member=Component U8 BSS138?
Added Member To Class: ClassName=eFuse Member=Component U9 WL-OCPT
Added Member To Class: ClassName=eFuse Member=Component U10 WL-OCPT
Added Member To Class: ClassName=eFuse Member=Component U11 WL-OCPT
Added Member To Class: ClassName=eFuse Member=Component U13 WL-OCPT
