Added Component: Designator=C1(CAP_16MM_SMD)
Added Component: Designator=C2(0805)
Added Component: Designator=C3(0805)
Added Component: Designator=D1(DO-214AB-SMC Bipolar)
Added Component: Designator=D2(DO-214AC, SMA)
Added Component: Designator=D3(DO-214AC, SMA)
Added Component: Designator=D5(0805 LED)
Added Component: Designator=H1(M3 HOLE iso)
Added Component: Designator=H2(M3 HOLE iso)
Added Component: Designator=H3(M3 HOLE iso)
Added Component: Designator=H4(M3 HOLE iso)
Added Component: Designator=J1(JST_XH_B8B-XH-A_1x08_P2.50mm_Vertical)
Added Component: Designator=J2(TE blade connector)
Added Component: Designator=J3(TE blade connector)
Added Component: Designator=J4(TE blade connector)
Added Component: Designator=J5(TE blade connector)
Added Component: Designator=K1(G6RL-1A DC3 relay)
Added Component: Designator=R1(0805)
Added Component: Designator=R3(0805)
Added Component: Designator=R8(0805)
Added Component: Designator=R9(0805)
Added Component: Designator=R10(0805)
Added Component: Designator=R11(0805)
Added Component: Designator=R12(0805)
Added Component: Designator=R13(0805)
Added Component: Designator=R14(0805)
Added Component: Designator=R17(0805)
Added Component: Designator=R18(0805)
Added Component: Designator=R21(0805)
Added Component: Designator=R22(0805)
Added Component: Designator=R23(0805)
Added Component: Designator=R24(0805)
Added Component: Designator=R25(0805)
Added Component: Designator=R32(0805)
Added Component: Designator=R?(0805)
Added Component: Designator=R?(0805)
Added Component: Designator=U1(4-SOP_WE_opto-isolator)
Added Component: Designator=U2(4-SOP_WE_opto-isolator)
Added Component: Designator=U6(8-VSON (3,3x3,3))
Added Component: Designator=U7(TSSOP_P065S6.6x6.6)
Added Component: Designator=U8(SOT-23-3)
Added Component: Designator=U9(4-SOP_WE_opto-isolator)
Added Component: Designator=U10(4-SOP_WE_opto-isolator)
Added Component: Designator=U11(4-SOP_WE_opto-isolator)
Added Component: Designator=U14(SOT-23-3)
Added Pin To Net: NetName=+3.3V Pin=D3-1
Added Pin To Net: NetName=+3.3V Pin=J1-8
Added Pin To Net: NetName=+3.3V Pin=K1-1
Added Pin To Net: NetName=+3.3V Pin=R1-1
Added Pin To Net: NetName=+3.3V Pin=R3-2
Added Pin To Net: NetName=+3.3V Pin=R8-2
Added Pin To Net: NetName=+3.3V Pin=R9-2
Added Pin To Net: NetName=+3.3V Pin=R10-2
Added Pin To Net: NetName=+3.3V Pin=R32-2
Added Net: Name=+3.3V
Added Pin To Net: NetName=DGND Pin=J1-1
Added Pin To Net: NetName=DGND Pin=U2-3
Added Pin To Net: NetName=DGND Pin=U14-2
Added Net: Name=DGND
Added Pin To Net: NetName=NetC3_1 Pin=C3-1
Added Pin To Net: NetName=NetC3_1 Pin=U7-10
Added Net: Name=NetC3_1
Added Pin To Net: NetName=NetD3_2 Pin=D3-2
Added Pin To Net: NetName=NetD3_2 Pin=K1-5
Added Pin To Net: NetName=NetD3_2 Pin=U14-3
Added Net: Name=NetD3_2
Added Pin To Net: NetName=NetD5_1 Pin=D5-1
Added Pin To Net: NetName=NetD5_1 Pin=R13-1
Added Pin To Net: NetName=NetD5_1 Pin=U7-15
Added Net: Name=NetD5_1
Added Pin To Net: NetName=NetD5_2 Pin=D5-2
Added Pin To Net: NetName=NetD5_2 Pin=R11-1
Added Net: Name=NetD5_2
Added Pin To Net: NetName=NetJ1_2 Pin=J1-2
Added Pin To Net: NetName=NetJ1_2 Pin=R32-1
Added Pin To Net: NetName=NetJ1_2 Pin=U14-1
Added Net: Name=NetJ1_2
Added Pin To Net: NetName=NetJ1_3 Pin=J1-3
Added Pin To Net: NetName=NetJ1_3 Pin=U11-2
Added Net: Name=NetJ1_3
Added Pin To Net: NetName=NetJ1_4 Pin=J1-4
Added Pin To Net: NetName=NetJ1_4 Pin=U10-2
Added Net: Name=NetJ1_4
Added Pin To Net: NetName=NetJ1_5 Pin=J1-5
Added Pin To Net: NetName=NetJ1_5 Pin=U9-2
Added Net: Name=NetJ1_5
Added Pin To Net: NetName=NetJ1_6 Pin=J1-6
Added Pin To Net: NetName=NetJ1_6 Pin=U1-2
Added Net: Name=NetJ1_6
Added Pin To Net: NetName=NetJ1_7 Pin=J1-7
Added Pin To Net: NetName=NetJ1_7 Pin=R1-2
Added Pin To Net: NetName=NetJ1_7 Pin=U2-4
Added Net: Name=NetJ1_7
Added Pin To Net: NetName=NetJ2_1 Pin=J2-1
Added Pin To Net: NetName=NetJ2_1 Pin=J2-1
Added Pin To Net: NetName=NetJ2_1 Pin=K1-3
Added Net: Name=NetJ2_1
Added Pin To Net: NetName=NetR3_1 Pin=R3-1
Added Pin To Net: NetName=NetR3_1 Pin=U1-1
Added Net: Name=NetR3_1
Added Pin To Net: NetName=NetR8_1 Pin=R8-1
Added Pin To Net: NetName=NetR8_1 Pin=U9-1
Added Net: Name=NetR8_1
Added Pin To Net: NetName=NetR9_1 Pin=R9-1
Added Pin To Net: NetName=NetR9_1 Pin=U10-1
Added Net: Name=NetR9_1
Added Pin To Net: NetName=NetR10_1 Pin=R10-1
Added Pin To Net: NetName=NetR10_1 Pin=U11-1
Added Net: Name=NetR10_1
Added Pin To Net: NetName=NetR12_1 Pin=R12-1
Added Pin To Net: NetName=NetR12_1 Pin=R17-2
Added Net: Name=NetR12_1
Added Pin To Net: NetName=NetR13_2 Pin=R13-2
Added Pin To Net: NetName=NetR13_2 Pin=U2-2
Added Net: Name=NetR13_2
Added Pin To Net: NetName=NetR14_1 Pin=R14-1
Added Pin To Net: NetName=NetR14_1 Pin=R25-2
Added Pin To Net: NetName=NetR14_1 Pin=U7-16
Added Net: Name=NetR14_1
Added Pin To Net: NetName=NetR17_1 Pin=R17-1
Added Pin To Net: NetName=NetR17_1 Pin=R18-2
Added Pin To Net: NetName=NetR17_1 Pin=U7-7
Added Net: Name=NetR17_1
Added Pin To Net: NetName=NetR18_1 Pin=R18-1
Added Pin To Net: NetName=NetR18_1 Pin=R21-2
Added Pin To Net: NetName=NetR18_1 Pin=U7-8
Added Net: Name=NetR18_1
Added Pin To Net: NetName=NetR22_2 Pin=R22-2
Added Pin To Net: NetName=NetR22_2 Pin=U9-3
Added Net: Name=NetR22_2
Added Pin To Net: NetName=NetR23_2 Pin=R23-2
Added Pin To Net: NetName=NetR23_2 Pin=U10-3
Added Net: Name=NetR23_2
Added Pin To Net: NetName=NetR24_2 Pin=R24-2
Added Pin To Net: NetName=NetR24_2 Pin=U11-3
Added Net: Name=NetR24_2
Added Pin To Net: NetName=NetR?_1 Pin=R?-1
Added Pin To Net: NetName=NetR?_1 Pin=U7-14
Added Net: Name=NetR?_1
Added Pin To Net: NetName=NetR?_2 Pin=R?-2
Added Pin To Net: NetName=NetR?_2 Pin=U7-17
Added Net: Name=NetR?_2
Added Pin To Net: NetName=NetU1_4 Pin=U1-4
Added Pin To Net: NetName=NetU1_4 Pin=U7-13
Added Net: Name=NetU1_4
Added Pin To Net: NetName=NetU6_1 Pin=U6-1
Added Pin To Net: NetName=NetU6_1 Pin=U7-4
Added Pin To Net: NetName=NetU6_1 Pin=U8-3
Added Net: Name=NetU6_1
Added Pin To Net: NetName=NetU6_3 Pin=U6-3
Added Pin To Net: NetName=NetU6_3 Pin=U6-3
Added Pin To Net: NetName=NetU6_3 Pin=U6-3
Added Pin To Net: NetName=NetU6_3 Pin=U6-3
Added Pin To Net: NetName=NetU6_3 Pin=U6-3
Added Pin To Net: NetName=NetU6_3 Pin=U6-3
Added Pin To Net: NetName=NetU6_3 Pin=U6-3
Added Pin To Net: NetName=NetU6_3 Pin=U6-3
Added Pin To Net: NetName=NetU6_3 Pin=U6-3
Added Pin To Net: NetName=NetU6_3 Pin=U7-1
Added Pin To Net: NetName=NetU6_3 Pin=U7-2
Added Pin To Net: NetName=NetU6_3 Pin=U7-3
Added Net: Name=NetU6_3
Added Pin To Net: NetName=NetU7_5 Pin=U7-5
Added Pin To Net: NetName=NetU7_5 Pin=U8-1
Added Net: Name=NetU7_5
Added Pin To Net: NetName=NetU7_11 Pin=U7-11
Added Pin To Net: NetName=NetU7_11 Pin=U9-4
Added Pin To Net: NetName=NetU7_11 Pin=U10-4
Added Pin To Net: NetName=NetU7_11 Pin=U11-4
Added Net: Name=NetU7_11
Added Pin To Net: NetName=PGND Pin=C1-2
Added Pin To Net: NetName=PGND Pin=C2-1
Added Pin To Net: NetName=PGND Pin=C3-2
Added Pin To Net: NetName=PGND Pin=D1-1
Added Pin To Net: NetName=PGND Pin=D2-2
Added Pin To Net: NetName=PGND Pin=J4-1
Added Pin To Net: NetName=PGND Pin=J4-1
Added Pin To Net: NetName=PGND Pin=J5-1
Added Pin To Net: NetName=PGND Pin=J5-1
Added Pin To Net: NetName=PGND Pin=R21-1
Added Pin To Net: NetName=PGND Pin=R22-1
Added Pin To Net: NetName=PGND Pin=R23-1
Added Pin To Net: NetName=PGND Pin=R24-1
Added Pin To Net: NetName=PGND Pin=R25-1
Added Pin To Net: NetName=PGND Pin=R?-1
Added Pin To Net: NetName=PGND Pin=R?-2
Added Pin To Net: NetName=PGND Pin=U1-3
Added Pin To Net: NetName=PGND Pin=U7-9
Added Pin To Net: NetName=PGND Pin=U7-PAD
Added Net: Name=PGND
Added Pin To Net: NetName=Vin Pin=D1-2
Added Pin To Net: NetName=Vin Pin=J3-1
Added Pin To Net: NetName=Vin Pin=J3-1
Added Pin To Net: NetName=Vin Pin=R11-2
Added Pin To Net: NetName=Vin Pin=R12-2
Added Pin To Net: NetName=Vin Pin=U2-1
Added Pin To Net: NetName=Vin Pin=U6-2
Added Pin To Net: NetName=Vin Pin=U6-2
Added Pin To Net: NetName=Vin Pin=U6-2
Added Pin To Net: NetName=Vin Pin=U7-6
Added Pin To Net: NetName=Vin Pin=U8-2
Added Net: Name=Vin
Added Pin To Net: NetName=Vout Pin=C1-1
Added Pin To Net: NetName=Vout Pin=C2-2
Added Pin To Net: NetName=Vout Pin=D2-1
Added Pin To Net: NetName=Vout Pin=K1-2
Added Pin To Net: NetName=Vout Pin=R14-2
Added Pin To Net: NetName=Vout Pin=U7-18
Added Pin To Net: NetName=Vout Pin=U7-19
Added Pin To Net: NetName=Vout Pin=U7-20
Added Net: Name=Vout
Added Class: Name=eFuse
Added Class: Name=Signal
Added Room: Name=eFuse
Added Room: Name=Signal
