Added Member To Class: ClassName=eFuse Member=Component D3 SS210ATR
Added Member To Class: ClassName=eFuse Member=Component D4 Green
Added Member To Class: ClassName=eFuse Member=Component R3 390
Added Member To Class: ClassName=eFuse Member=Component R5 x
Added Member To Class: ClassName=eFuse Member=Component R7 4.3k
Added Member To Class: ClassName=eFuse Member=Component R9 390
Added Member To Class: ClassName=eFuse Member=Component R12 910K
Added Member To Class: ClassName=eFuse Member=Component R13 4.3k
Added Member To Class: ClassName=eFuse Member=Component R14 1M
Added Member To Class: ClassName=eFuse Member=Component R16 430k
Added Member To Class: ClassName=eFuse Member=Component R17 75k
Added Member To Class: ClassName=eFuse Member=Component R18 24k
Added Member To Class: ClassName=eFuse Member=Component R20 51k
Added Member To Class: ClassName=eFuse Member=Component R22 13K
Added Member To Class: ClassName=eFuse Member=Component R23 6.8k
Added Member To Class: ClassName=eFuse Member=Component R24 4.3k
Added Member To Class: ClassName=eFuse Member=Component R25 56k
Added Member To Class: ClassName=eFuse Member=Component R26 740
Added Member To Class: ClassName=eFuse Member=Component U5 WL-OCPT
Added Member To Class: ClassName=eFuse Member=Component U7 TPS26631PWPT
Added Member To Class: ClassName=eFuse Member=Component U9 WL-OCPT
Added Member To Class: ClassName=eFuse Member=Component U11 WL-OCPT
