Change Component Comment : Designator=U1 Old Comment=optoc WE New Comment=WL-OCPT
Change Component Comment : Designator=U2 Old Comment=optoc WE New Comment=WL-OCPT
Change Component Comment : Designator=U3 Old Comment=optoc WE New Comment=WL-OCPT
Change Component Comment : Designator=U4 Old Comment=optoc WE New Comment=WL-OCPT
Change Component Comment : Designator=U8 Old Comment=optoc WE New Comment=WL-OCPT
Change Component Comment : Designator=U9 Old Comment=optoc WE New Comment=WL-OCPT
Change Component Comment : Designator=U10 Old Comment=optoc WE New Comment=WL-OCPT
Change Component Comment : Designator=U11 Old Comment=optoc WE New Comment=WL-OCPT
Added Component: Designator=C1(8mm smd cap)
Added Component: Designator=C2(0805)
Added Component: Designator=D1(DO-214AB-SMC Bipolar)
Added Component: Designator=D2(DO-214AC, SMA)
Added Pin To Net: NetName=Vout Pin=C1-1
Added Pin To Net: NetName=PGND Pin=C1-2
Added Pin To Net: NetName=PGND Pin=C2-1
Added Pin To Net: NetName=Vout Pin=C2-2
Added Pin To Net: NetName=PGND Pin=D1-1
Added Pin To Net: NetName=Vin Pin=D1-2
Added Pin To Net: NetName=PGND Pin=D2-1
Added Pin To Net: NetName=Vout Pin=D2-2
Added Member To Class: ClassName=eFuse Member=Component C1 470uF
Added Member To Class: ClassName=eFuse Member=Component C2 1uF
Added Member To Class: ClassName=eFuse Member=Component D1 SMCJ58CA-HF
Added Member To Class: ClassName=eFuse Member=Component D2 SS210ATR
Added Room: Name=eFuse
