Added Component: Designator=J1(JST_XH_B10B-XH-A_1x10_P2.50mm_Vertical)
Add component (AddParameter): Name = "Supplier"; Value = ""; VariantName = "[No Variations]"
Added Component: Designator=J2(TE blade connector)
Added Component: Designator=J3(TE blade connector)
Added Component: Designator=R1(0805)
Added Component: Designator=R2(0805)
Added Component: Designator=R3(0805)
Added Component: Designator=R4(0805)
Added Component: Designator=R5(0805)
Added Component: Designator=R6(0805)
Added Component: Designator=R7(0805)
Added Component: Designator=R8(0805)
Added Component: Designator=R9(0805)
Added Component: Designator=R10(0805)
Added Component: Designator=R11(0805)
Added Component: Designator=R12(0805)
Added Component: Designator=R13(0805)
Added Component: Designator=R14(0805)
Added Component: Designator=R15(0805)
Added Component: Designator=R16(0805)
Added Component: Designator=R17(0805)
Added Component: Designator=R18(0805)
Added Component: Designator=R19(0805)
Added Component: Designator=R20(0805)
Added Component: Designator=R21(0805)
Added Component: Designator=U1(4-SOP_WE_opto-isolator)
Added Component: Designator=U2(4-SOP_WE_opto-isolator)
Added Component: Designator=U3(4-SOP_WE_opto-isolator)
Added Component: Designator=U4(4-SOP_WE_opto-isolator)
Added Component: Designator=U5(8-VSON (3,3x3,3))
Added Component: Designator=U6(TSSOP_P065S6.6x6.6)
Added Component: Designator=U7(SOT-23-3)
Added Component: Designator=U8(4-SOP_WE_opto-isolator)
Added Component: Designator=U9(4-SOP_WE_opto-isolator)
Added Component: Designator=U10(4-SOP_WE_opto-isolator)
Added Component: Designator=U11(4-SOP_WE_opto-isolator)
Added Pin To Net: NetName=+5V Pin=J1-10
Added Pin To Net: NetName=+5V Pin=R1-1
Added Pin To Net: NetName=+5V Pin=R2-2
Added Pin To Net: NetName=+5V Pin=R3-1
Added Pin To Net: NetName=+5V Pin=R4-2
Added Pin To Net: NetName=+5V Pin=R7-2
Added Pin To Net: NetName=+5V Pin=R8-2
Added Pin To Net: NetName=+5V Pin=R9-2
Added Pin To Net: NetName=+5V Pin=R21-2
Added Net: Name=+5V
Added Pin To Net: NetName=DGND Pin=J1-1
Added Pin To Net: NetName=DGND Pin=U2-3
Added Pin To Net: NetName=DGND Pin=U3-3
Added Net: Name=DGND
Added Pin To Net: NetName=NetJ1_2 Pin=J1-2
Added Pin To Net: NetName=NetJ1_2 Pin=U10-2
Added Net: Name=NetJ1_2
Added Pin To Net: NetName=NetJ1_3 Pin=J1-3
Added Pin To Net: NetName=NetJ1_3 Pin=U9-2
Added Net: Name=NetJ1_3
Added Pin To Net: NetName=NetJ1_4 Pin=J1-4
Added Pin To Net: NetName=NetJ1_4 Pin=U8-2
Added Net: Name=NetJ1_4
Added Pin To Net: NetName=NetJ1_5 Pin=J1-5
Added Pin To Net: NetName=NetJ1_5 Pin=U11-2
Added Net: Name=NetJ1_5
Added Pin To Net: NetName=NetJ1_6 Pin=J1-6
Added Pin To Net: NetName=NetJ1_6 Pin=U1-2
Added Net: Name=NetJ1_6
Added Pin To Net: NetName=NetJ1_7 Pin=J1-7
Added Pin To Net: NetName=NetJ1_7 Pin=R3-2
Added Pin To Net: NetName=NetJ1_7 Pin=U2-4
Added Net: Name=NetJ1_7
Added Pin To Net: NetName=NetJ1_8 Pin=J1-8
Added Pin To Net: NetName=NetJ1_8 Pin=R1-2
Added Pin To Net: NetName=NetJ1_8 Pin=U3-4
Added Net: Name=NetJ1_8
Added Pin To Net: NetName=NetJ1_9 Pin=J1-9
Added Pin To Net: NetName=NetJ1_9 Pin=U4-2
Added Net: Name=NetJ1_9
Added Pin To Net: NetName=NetR2_1 Pin=R2-1
Added Pin To Net: NetName=NetR2_1 Pin=U1-1
Added Net: Name=NetR2_1
Added Pin To Net: NetName=NetR4_1 Pin=R4-1
Added Pin To Net: NetName=NetR4_1 Pin=U4-1
Added Net: Name=NetR4_1
Added Pin To Net: NetName=NetR5_1 Pin=R5-1
Added Pin To Net: NetName=NetR5_1 Pin=U6-17
Added Net: Name=NetR5_1
Added Pin To Net: NetName=NetR5_2 Pin=R5-2
Added Pin To Net: NetName=NetR5_2 Pin=U3-1
Added Net: Name=NetR5_2
Added Pin To Net: NetName=NetR6_1 Pin=R6-1
Added Pin To Net: NetName=NetR6_1 Pin=U6-15
Added Net: Name=NetR6_1
Added Pin To Net: NetName=NetR6_2 Pin=R6-2
Added Pin To Net: NetName=NetR6_2 Pin=U2-1
Added Net: Name=NetR6_2
Added Pin To Net: NetName=NetR7_1 Pin=R7-1
Added Pin To Net: NetName=NetR7_1 Pin=U8-1
Added Net: Name=NetR7_1
Added Pin To Net: NetName=NetR8_1 Pin=R8-1
Added Pin To Net: NetName=NetR8_1 Pin=U9-1
Added Net: Name=NetR8_1
Added Pin To Net: NetName=NetR9_1 Pin=R9-1
Added Pin To Net: NetName=NetR9_1 Pin=U10-1
Added Net: Name=NetR9_1
Added Pin To Net: NetName=NetR10_1 Pin=R10-1
Added Pin To Net: NetName=NetR10_1 Pin=R13-2
Added Net: Name=NetR10_1
Added Pin To Net: NetName=NetR11_1 Pin=R11-1
Added Pin To Net: NetName=NetR11_1 Pin=R20-2
Added Pin To Net: NetName=NetR11_1 Pin=U6-16
Added Net: Name=NetR11_1
Added Pin To Net: NetName=NetR12_1 Pin=R12-1
Added Pin To Net: NetName=NetR12_1 Pin=R13-1
Added Pin To Net: NetName=NetR12_1 Pin=R14-2
Added Pin To Net: NetName=NetR12_1 Pin=U6-7
Added Net: Name=NetR12_1
Added Pin To Net: NetName=NetR12_2 Pin=R12-2
Added Pin To Net: NetName=NetR12_2 Pin=U4-3
Added Net: Name=NetR12_2
Added Pin To Net: NetName=NetR14_1 Pin=R14-1
Added Pin To Net: NetName=NetR14_1 Pin=R15-2
Added Pin To Net: NetName=NetR14_1 Pin=R16-2
Added Pin To Net: NetName=NetR14_1 Pin=U6-8
Added Net: Name=NetR14_1
Added Pin To Net: NetName=NetR15_1 Pin=R15-1
Added Pin To Net: NetName=NetR15_1 Pin=U11-4
Added Net: Name=NetR15_1
Added Pin To Net: NetName=NetR17_2 Pin=R17-2
Added Pin To Net: NetName=NetR17_2 Pin=U8-3
Added Net: Name=NetR17_2
Added Pin To Net: NetName=NetR18_2 Pin=R18-2
Added Pin To Net: NetName=NetR18_2 Pin=U9-3
Added Net: Name=NetR18_2
Added Pin To Net: NetName=NetR19_2 Pin=R19-2
Added Pin To Net: NetName=NetR19_2 Pin=U10-3
Added Net: Name=NetR19_2
Added Pin To Net: NetName=NetR21_1 Pin=R21-1
Added Pin To Net: NetName=NetR21_1 Pin=U11-1
Added Net: Name=NetR21_1
Added Pin To Net: NetName=NetU1_4 Pin=U1-4
Added Pin To Net: NetName=NetU1_4 Pin=U6-13
Added Net: Name=NetU1_4
Added Pin To Net: NetName=NetU5_1 Pin=U5-1
Added Pin To Net: NetName=NetU5_1 Pin=U6-4
Added Pin To Net: NetName=NetU5_1 Pin=U7-3
Added Net: Name=NetU5_1
Added Pin To Net: NetName=NetU5_3 Pin=U5-3
Added Pin To Net: NetName=NetU5_3 Pin=U6-1
Added Pin To Net: NetName=NetU5_3 Pin=U6-2
Added Pin To Net: NetName=NetU5_3 Pin=U6-3
Added Net: Name=NetU5_3
Added Pin To Net: NetName=NetU6_5 Pin=U6-5
Added Pin To Net: NetName=NetU6_5 Pin=U7-1
Added Net: Name=NetU6_5
Added Pin To Net: NetName=NetU6_11 Pin=U6-11
Added Pin To Net: NetName=NetU6_11 Pin=U8-4
Added Pin To Net: NetName=NetU6_11 Pin=U9-4
Added Pin To Net: NetName=NetU6_11 Pin=U10-4
Added Net: Name=NetU6_11
Added Pin To Net: NetName=PGND Pin=R16-1
Added Pin To Net: NetName=PGND Pin=R17-1
Added Pin To Net: NetName=PGND Pin=R18-1
Added Pin To Net: NetName=PGND Pin=R19-1
Added Pin To Net: NetName=PGND Pin=R20-1
Added Pin To Net: NetName=PGND Pin=U1-3
Added Pin To Net: NetName=PGND Pin=U2-2
Added Pin To Net: NetName=PGND Pin=U3-2
Added Pin To Net: NetName=PGND Pin=U6-9
Added Pin To Net: NetName=PGND Pin=U6-PAD
Added Pin To Net: NetName=PGND Pin=U11-3
Added Net: Name=PGND
Added Pin To Net: NetName=Vin Pin=J3-1
Added Pin To Net: NetName=Vin Pin=J3-1
Added Pin To Net: NetName=Vin Pin=R10-2
Added Pin To Net: NetName=Vin Pin=U4-4
Added Pin To Net: NetName=Vin Pin=U5-2
Added Pin To Net: NetName=Vin Pin=U5-2
Added Pin To Net: NetName=Vin Pin=U5-2
Added Pin To Net: NetName=Vin Pin=U6-6
Added Pin To Net: NetName=Vin Pin=U7-2
Added Net: Name=Vin
Added Pin To Net: NetName=Vout Pin=J2-1
Added Pin To Net: NetName=Vout Pin=J2-1
Added Pin To Net: NetName=Vout Pin=R11-2
Added Pin To Net: NetName=Vout Pin=U6-18
Added Pin To Net: NetName=Vout Pin=U6-19
Added Pin To Net: NetName=Vout Pin=U6-20
Added Net: Name=Vout
Added Class: Name=eFuse
Added Room: Name=eFuse
