Added Component: Designator=J?(JST_XH_B8B-XH-A_1x08_P2.50mm_Vertical)
Added Component: Designator=J?(JST_XH_B16B-XH-A_1x16_P2.50mm_Vertical)
Added Component: Designator=J?(JST_XH_B8B-XH-A_1x08_P2.50mm_Vertical)
Added Component: Designator=J?(JST_XH_B8B-XH-A_1x08_P2.50mm_Vertical)
Added Component: Designator=J?(JST_XH_B8B-XH-A_1x08_P2.50mm_Vertical)
Added Pin To Net: NetName=+3.3V Pin=J?-8
Added Pin To Net: NetName=+3.3V Pin=J?-8
Added Pin To Net: NetName=+3.3V Pin=J?-8
Added Net: Name=+3.3V
Added Pin To Net: NetName=DGND Pin=J?-1
Added Pin To Net: NetName=DGND Pin=J?-1
Added Pin To Net: NetName=DGND Pin=J?-1
Added Pin To Net: NetName=DGND Pin=J?-1
Added Net: Name=DGND
Added Pin To Net: NetName=NetJ?_2 Pin=J?-2
Added Net: Name=NetJ?_2
Added Pin To Net: NetName=NetJ?_3 Pin=J?-3
Added Net: Name=NetJ?_3
Added Pin To Net: NetName=NetJ?_4 Pin=J?-4
Added Net: Name=NetJ?_4
Added Pin To Net: NetName=NetJ?_5 Pin=J?-5
Added Net: Name=NetJ?_5
Added Pin To Net: NetName=NetJ?_6 Pin=J?-6
Added Net: Name=NetJ?_6
Added Pin To Net: NetName=NetJ?_7 Pin=J?-7
Added Net: Name=NetJ?_7
Added Pin To Net: NetName=NetJ?_8 Pin=J?-8
Added Net: Name=NetJ?_8
Added Pin To Net: NetName=NetJ?_9 Pin=J?-9
Added Net: Name=NetJ?_9
Added Pin To Net: NetName=NetJ?_10 Pin=J?-10
Added Net: Name=NetJ?_10
Added Pin To Net: NetName=NetJ?_11 Pin=J?-11
Added Net: Name=NetJ?_11
Added Pin To Net: NetName=NetJ?_12 Pin=J?-12
Added Net: Name=NetJ?_12
Added Pin To Net: NetName=NetJ?_13 Pin=J?-13
Added Net: Name=NetJ?_13
Added Pin To Net: NetName=NetJ?_14 Pin=J?-14
Added Net: Name=NetJ?_14
Added Pin To Net: NetName=NetJ?_15 Pin=J?-15
Added Net: Name=NetJ?_15
Added Class: Name=controller
Added Room: Name=controller
