Added Component: Designator=D1(0805 LED)
Added Component: Designator=D2(0805 LED)
Added Component: Designator=D3(0805 LED)
Added Component: Designator=J1(JST_XH_B12B-XH-A_1x12_P2.50mm_Vertical)
Add component (AddParameter): Name = "Supplier"; Value = ""; VariantName = "[No Variations]"
Added Component: Designator=J2(JST_SH_SM04B-SRSS-TB_1x04-1MP_P1.00mm_Horizontal)
Added Component: Designator=R1(0805)
Added Component: Designator=R2(0805)
Added Component: Designator=R3(0805)
Added Component: Designator=R4(0805)
Added Component: Designator=R5(0805)
Added Component: Designator=R6(0805)
Added Component: Designator=R7(0805)
Added Component: Designator=S1(NAV_SWITCH_SJ1400BFQ)
Added Pin To Net: NetName=+3.3V Pin=J1-12
Added Pin To Net: NetName=+3.3V Pin=J2-2
Added Pin To Net: NetName=+3.3V Pin=R1-1
Added Pin To Net: NetName=+3.3V Pin=R2-1
Added Pin To Net: NetName=+3.3V Pin=R3-1
Added Pin To Net: NetName=+3.3V Pin=R4-1
Added Pin To Net: NetName=+3.3V Pin=R5-1
Added Pin To Net: NetName=+3.3V Pin=R6-1
Added Pin To Net: NetName=+3.3V Pin=R7-1
Added Net: Name=+3.3V
Added Pin To Net: NetName=GND Pin=J1-1
Added Pin To Net: NetName=GND Pin=J2-1
Added Pin To Net: NetName=GND Pin=S1-5
Added Net: Name=GND
Added Pin To Net: NetName=NetD1_1 Pin=D1-1
Added Pin To Net: NetName=NetD1_1 Pin=J1-7
Added Net: Name=NetD1_1
Added Pin To Net: NetName=NetD1_2 Pin=D1-2
Added Pin To Net: NetName=NetD1_2 Pin=D2-2
Added Pin To Net: NetName=NetD1_2 Pin=D3-2
Added Pin To Net: NetName=NetD1_2 Pin=R7-2
Added Net: Name=NetD1_2
Added Pin To Net: NetName=NetD2_1 Pin=D2-1
Added Pin To Net: NetName=NetD2_1 Pin=J1-8
Added Net: Name=NetD2_1
Added Pin To Net: NetName=NetD3_1 Pin=D3-1
Added Pin To Net: NetName=NetD3_1 Pin=J1-9
Added Net: Name=NetD3_1
Added Pin To Net: NetName=NetJ1_2 Pin=J1-2
Added Pin To Net: NetName=NetJ1_2 Pin=R2-2
Added Pin To Net: NetName=NetJ1_2 Pin=R6-2
Added Pin To Net: NetName=NetJ1_2 Pin=S1-4
Added Net: Name=NetJ1_2
Added Pin To Net: NetName=NetJ1_3 Pin=J1-3
Added Pin To Net: NetName=NetJ1_3 Pin=R3-2
Added Pin To Net: NetName=NetJ1_3 Pin=S1-1
Added Net: Name=NetJ1_3
Added Pin To Net: NetName=NetJ1_4 Pin=J1-4
Added Pin To Net: NetName=NetJ1_4 Pin=R5-2
Added Pin To Net: NetName=NetJ1_4 Pin=S1-2
Added Net: Name=NetJ1_4
Added Pin To Net: NetName=NetJ1_5 Pin=J1-5
Added Pin To Net: NetName=NetJ1_5 Pin=R4-2
Added Pin To Net: NetName=NetJ1_5 Pin=S1-3
Added Net: Name=NetJ1_5
Added Pin To Net: NetName=NetJ1_6 Pin=J1-6
Added Pin To Net: NetName=NetJ1_6 Pin=R1-2
Added Pin To Net: NetName=NetJ1_6 Pin=S1-6
Added Net: Name=NetJ1_6
Added Pin To Net: NetName=NetJ1_10 Pin=J1-10
Added Pin To Net: NetName=NetJ1_10 Pin=J2-3
Added Net: Name=NetJ1_10
Added Pin To Net: NetName=NetJ1_11 Pin=J1-11
Added Pin To Net: NetName=NetJ1_11 Pin=J2-4
Added Net: Name=NetJ1_11
Added Member To Class: ClassName=UI Member=Component D1 green
Added Member To Class: ClassName=UI Member=Component D2 red
Added Member To Class: ClassName=UI Member=Component D3 red
Added Member To Class: ClassName=UI Member=Component J1 12-pin
Added Member To Class: ClassName=UI Member=Component J2 4-pin
Added Member To Class: ClassName=UI Member=Component R1 10k
Added Member To Class: ClassName=UI Member=Component R2 10k
Added Member To Class: ClassName=UI Member=Component R3 10k
Added Member To Class: ClassName=UI Member=Component R4 10k
Added Member To Class: ClassName=UI Member=Component R5 10k
Added Member To Class: ClassName=UI Member=Component R6 10k
Added Member To Class: ClassName=UI Member=Component R7 390
Added Member To Class: ClassName=UI Member=Component S1 nav_switch
Added Room: Name=UI
